/home/matt/johnny_ws/install/johnny_5_base_hw/lib/python3.12/site-packages/johnny_5_base_hw/odometry_publisher.py
/home/matt/johnny_ws/install/johnny_5_base_hw/lib/python3.12/site-packages/johnny_5_base_hw/motor_driver.py
/home/matt/johnny_ws/install/johnny_5_base_hw/lib/python3.12/site-packages/johnny_5_base_hw/__init__.py
/home/matt/johnny_ws/install/johnny_5_base_hw/lib/python3.12/site-packages/johnny_5_base_hw/base_controller.py
/home/matt/johnny_ws/install/johnny_5_base_hw/lib/python3.12/site-packages/johnny_5_base_hw/__pycache__/odometry_publisher.cpython-312.pyc
/home/matt/johnny_ws/install/johnny_5_base_hw/lib/python3.12/site-packages/johnny_5_base_hw/__pycache__/motor_driver.cpython-312.pyc
/home/matt/johnny_ws/install/johnny_5_base_hw/lib/python3.12/site-packages/johnny_5_base_hw/__pycache__/__init__.cpython-312.pyc
/home/matt/johnny_ws/install/johnny_5_base_hw/lib/python3.12/site-packages/johnny_5_base_hw/__pycache__/base_controller.cpython-312.pyc
/home/matt/johnny_ws/install/johnny_5_base_hw/share/ament_index/resource_index/packages/johnny_5_base_hw
/home/matt/johnny_ws/install/johnny_5_base_hw/share/johnny_5_base_hw/package.xml
/home/matt/johnny_ws/install/johnny_5_base_hw/share/johnny_5_base_hw/launch/base_hw.launch.py
/home/matt/johnny_ws/install/johnny_5_base_hw/share/johnny_5_base_hw/launch/test_base_hw.launch.py
/home/matt/johnny_ws/install/johnny_5_base_hw/share/johnny_5_base_hw/config/base_hw_params.yaml
/home/matt/johnny_ws/install/johnny_5_base_hw/lib/python3.12/site-packages/johnny_5_base_hw-0.0.0-py3.12.egg-info/dependency_links.txt
/home/matt/johnny_ws/install/johnny_5_base_hw/lib/python3.12/site-packages/johnny_5_base_hw-0.0.0-py3.12.egg-info/PKG-INFO
/home/matt/johnny_ws/install/johnny_5_base_hw/lib/python3.12/site-packages/johnny_5_base_hw-0.0.0-py3.12.egg-info/entry_points.txt
/home/matt/johnny_ws/install/johnny_5_base_hw/lib/python3.12/site-packages/johnny_5_base_hw-0.0.0-py3.12.egg-info/requires.txt
/home/matt/johnny_ws/install/johnny_5_base_hw/lib/python3.12/site-packages/johnny_5_base_hw-0.0.0-py3.12.egg-info/top_level.txt
/home/matt/johnny_ws/install/johnny_5_base_hw/lib/python3.12/site-packages/johnny_5_base_hw-0.0.0-py3.12.egg-info/zip-safe
/home/matt/johnny_ws/install/johnny_5_base_hw/lib/python3.12/site-packages/johnny_5_base_hw-0.0.0-py3.12.egg-info/SOURCES.txt
/home/matt/johnny_ws/install/johnny_5_base_hw/bin/base_controller
/home/matt/johnny_ws/install/johnny_5_base_hw/bin/motor_driver
/home/matt/johnny_ws/install/johnny_5_base_hw/bin/odometry_publisher
